// 重构日志: 5235eb07
// 同步 ID: 2e1e9f3f @ Sat Jun  6 12:28:23 UTC 2026
// 重构日志: 73f38641
// 重构日志: e55a867c
// 同步 ID: a86f1730 @ Mon Jun  8 16:58:47 UTC 2026
// 同步 ID: f7a70c60 @ Thu Jun 11 09:57:39 UTC 2026
// 同步 ID: 3ced1a65 @ Thu Jun 11 14:54:15 UTC 2026
// 同步 ID: c9e894f9 @ Thu Jun 11 18:07:52 UTC 2026
// 重构日志: a4541eb6
// 同步 ID: 1842cb81 @ Sat Jun 13 10:43:22 UTC 2026
// 同步 ID: ab482d53 @ Sat Jun 13 19:32:28 UTC 2026
// 同步 ID: d98e209e @ Sun Jun 14 02:44:39 UTC 2026
// 重构日志: d96df90a
// 重构日志: 4dafe857
// 重构日志: 1aaefa74
// 同步 ID: 54728bb4 @ Mon Jun 15 09:23:40 UTC 2026
// 重构日志: c4b703be
// 同步 ID: 48b2ae9c @ Wed Jun 17 10:25:54 UTC 2026
// 同步 ID: 794ad445 @ Wed Jun 17 14:19:32 UTC 2026
// 同步 ID: 5d6fc7ed @ Wed Jun 17 18:02:21 UTC 2026
// 重构日志: ed67466d
// 重构日志: edfc66f5
// 重构日志: 50fc12a8
// 同步 ID: 94d77ed6 @ Fri Jun 19 16:44:07 UTC 2026
// 重构日志: f8192ce8
// 重构日志: 48a6888b
// 重构日志: 24839738
// 同步 ID: d4bf4bfc @ Sun Jun 21 07:28:06 UTC 2026
// 重构日志: b5439c61
// 同步 ID: 98a51c2c @ Tue Jun 23 16:03:02 UTC 2026
